
Running `apk add --root /newroot --initdb --repository https://dl-cdn.alpinelinux.org/alpine/edge/main --no-cache musl busybox oksh runit apk-tools uutils-coreutils` at 2026-04-14 16:24:34
apk-tools 3.0.3-r1, compiled for x86_64.
WARNING: fetching http://localhost:8080/packages/main/x86_64/APKINDEX.tar.gz: Connection refused
ERROR: unable to select packages:

Running `apk add --root /newroot --initdb --no-cache musl busybox oksh runit apk-tools uutils-coreutils` at 2026-04-14 16:25:11
apk-tools 3.0.3-r1, compiled for x86_64.
ERROR: unable to select packages:

Running `apk add --root /newroot --initdb --no-cache musl busybox oksh runit apk-tools uutils-coreutils` at 2026-04-14 16:40:22
apk-tools 3.0.3-r1, compiled for x86_64.
( 1/18) Installing musl (1.2.6-r2)
( 2/18) Installing libcrypto3 (3.5.6-r0)
( 3/18) Installing libssl3 (3.5.6-r0)
( 4/18) Installing zlib (1.3.2-r0)
( 5/18) Installing libapk (3.0.6-r0)
( 6/18) Installing ca-certificates-bundle (20260413-r0)
( 7/18) Installing apk-tools (3.0.6-r0)
( 8/18) Installing busybox (1.37.0-r31)
  Executing busybox-1.37.0-r31.post-install
( 9/18) Installing ssl_client (1.37.0-r31)
(10/18) Installing busybox-binsh (1.37.0-r31)
(11/18) Installing ncurses-terminfo-base (6.6_p20260404-r0)
(12/18) Installing libncursesw (6.6_p20260404-r0)
(13/18) Installing oksh (7.8-r1)
  Executing oksh-7.8-r1.post-install
(14/18) Installing runit (2.3.1-r0)
(15/18) Installing libgcc (15.2.0-r3)
(16/18) Installing oniguruma (6.9.10-r0)
(17/18) Installing uutils (0.8.0-r0)
(18/18) Installing uutils-coreutils (0.8.0-r0)
Executing busybox-1.37.0-r31.trigger
OK: 18.2 MiB in 18 packages

Running `apk add --root /newroot --initdb --no-cache musl busybox oksh runit apk-tools uutils-coreutils` at 2026-04-14 16:41:15
apk-tools 3.0.3-r1, compiled for x86_64.
OK: 18.2 MiB in 18 packages
